<?xml version="1.0" encoding="UTF-8"?>
<!-- Generated by org.testng.reporters.JUnitReportReporter -->
<testsuite hostname="Awais-Office-Laptop" failures="0" tests="1" name="test.automate.TestNG_Template" time="3.554" errors="0" timestamp="2024-07-29T16:38:09 PKT" skipped="0">
  <testcase classname="test.automate.TestNG_Template" name="googleSearch" time="3.554"/>
</testsuite> <!-- test.automate.TestNG_Template -->
