<?xml version="1.0" encoding="UTF-8"?>
<!-- Generated by org.testng.reporters.JUnitReportReporter -->
<testsuite hostname="Awais-Office-Laptop" failures="0" tests="1" name="test.automate.TestNG" time="3.487" errors="0" timestamp="2024-05-27T12:09:13 PKT" skipped="0">
  <testcase classname="test.automate.TestNG" name="googleSearch" time="3.487"/>
</testsuite> <!-- test.automate.TestNG -->
